[2023-03-31 17:56:56.435] [scanner] [info] scanning process....
[2023-03-31 17:59:58.327] [scanner] [warning] 命中yara规则 C:\Windows\Explorer.EXE 规则 Windows_Trojan_Nanocore_d8c4e3c5
[2023-03-31 18:00:13.069] [scanner] [warning] 检测到签名软件中有未签名模块 路径 C:\Users\huoji\AppData\Local\StartIsBack\StartIsBack64.dll 进程名字 explorer.exe pid 1328
[2023-03-31 18:00:15.170] [scanner] [warning] 检测到签名软件中有未签名模块 路径 C:\Program Files\WinRAR\rarext.dll 进程名字 explorer.exe pid 1328
[2023-03-31 18:01:32.197] [scanner] [warning] 检测到签名软件中有未签名模块 路径 C:\Program Files (x86)\Dell Digital Delivery Services\SQLite.Interop.dll 进程名字 Dell.D3.WinSvc.exe pid 7616
[2023-03-31 18:02:15.886] [scanner] [warning] 命中yara规则 C:\Windows\System32\SystemSettingsBroker.exe 规则 Multi_EICAR_ac8f42d6
[2023-03-31 18:02:17.788] [scanner] [warning] 命中yara规则 C:\Program Files (x86)\Resource Hacker\ResourceHacker.exe 规则 Multi_EICAR_ac8f42d6
[2023-03-31 18:02:19.129] [scanner] [warning] 命中yara规则 C:\Windows\system32\taskhostw.exe 规则 Multi_EICAR_ac8f42d6
[2023-03-31 18:02:20.212] [scanner] [warning] 命中yara规则 C:\Windows\system32\DllHost.exe 规则 Multi_EICAR_ac8f42d6
[2023-03-31 18:02:21.545] [scanner] [warning] 命中yara规则 C:\Windows\system32\taskhostw.exe 规则 Multi_EICAR_ac8f42d6
[2023-03-31 18:02:26.920] [scanner] [warning] 命中yara规则 C:\Windows\SystemApps\Microsoft.Windows.Search_cw5n1h2txyewy\SearchApp.exe 规则 Multi_EICAR_ac8f42d6
[2023-03-31 18:02:36.761] [scanner] [warning] 命中yara规则 C:\Program Files\Google\Chrome\Application\chrome.exe 规则 Windows_Trojan_CobaltStrike_d00573a3
[2023-03-31 18:03:32.898] [scanner] [warning] 命中yara规则 C:\Program Files\Notepad--\Notepad--.exe 规则 Multi_EICAR_ac8f42d6
[2023-03-31 18:04:04.381] [scanner] [warning] 检测到签名软件中有未签名模块 路径 C:\Users\huoji\AppData\Local\Temp\liblz4-java-12139789938981786558.so 进程名字 goland64.exe pid 36372
[2023-03-31 18:04:04.801] [scanner] [warning] 命中yara规则 C:\Users\huoji\AppData\Local\JetBrains\Toolbox\apps\Goland\ch-0\223.8836.56\bin\fsnotifier.exe 规则 Multi_EICAR_ac8f42d6
[2023-03-31 18:04:05.515] [scanner] [warning] 命中yara规则 C:\Windows\system32\conhost.exe 规则 Multi_EICAR_ac8f42d6
[2023-03-31 18:04:10.024] [scanner] [warning] 命中yara规则 C:\Windows\ImmersiveControlPanel\SystemSettings.exe 规则 Multi_EICAR_ac8f42d6
[2023-03-31 18:04:10.772] [scanner] [warning] 命中yara规则 \\?\C:\Windows\system32\conhost.exe 规则 Multi_EICAR_ac8f42d6
[2023-03-31 18:04:13.516] [scanner] [warning] 命中yara规则 C:\Windows\System32\WindowsPowerShell\v1.0\powershell.exe 规则 Multi_EICAR_ac8f42d6
[2023-03-31 18:04:20.582] [scanner] [warning] 命中yara规则 C:\Program Files\WindowsApps\Microsoft.YourPhone_1.23012.167.0_x64__8wekyb3d8bbwe\PhoneExperienceHost.exe 规则 Multi_EICAR_ac8f42d6
[2023-03-31 18:04:23.672] [scanner] [warning] 命中yara规则 C:\Windows\system32\cmd.exe 规则 Multi_EICAR_ac8f42d6
[2023-03-31 18:04:24.789] [scanner] [warning] 命中yara规则 C:\Windows\system32\conhost.exe 规则 Multi_EICAR_ac8f42d6
[2023-03-31 18:04:25.267] [scanner] [warning] 命中yara规则 C:\Windows\system32\cmd.exe 规则 Multi_EICAR_ac8f42d6
[2023-03-31 18:04:26.305] [scanner] [warning] 命中yara规则 C:\Windows\system32\conhost.exe 规则 Multi_EICAR_ac8f42d6
[2023-03-31 18:04:30.130] [scanner] [warning] 命中yara规则 D:\Program Files (x86)\VMware\VMware Workstation\vmware.exe 规则 Multi_EICAR_ac8f42d6
[2023-03-31 18:04:31.048] [scanner] [warning] 命中yara规则 C:\Windows\SysWOW64\DllHost.exe 规则 Multi_EICAR_ac8f42d6
[2023-03-31 18:04:32.332] [scanner] [warning] 命中yara规则 D:\Program Files (x86)\VMware\VMware Workstation\vmware-unity-helper.exe 规则 Multi_EICAR_ac8f42d6
[2023-03-31 18:04:32.811] [scanner] [warning] 命中yara规则 C:\Windows\System32\cmd.exe 规则 Multi_EICAR_ac8f42d6
[2023-03-31 18:04:33.821] [scanner] [warning] 命中yara规则 C:\Windows\system32\conhost.exe 规则 Multi_EICAR_ac8f42d6
[2023-03-31 18:04:46.502] [scanner] [warning] 命中yara规则 C:\Program Files (x86)\DingDing\main\current\DingTalk.exe 规则 Multi_EICAR_ac8f42d6
[2023-03-31 18:05:05.470] [scanner] [warning] 命中yara规则 C:\Program Files (x86)\DingDing\main\current\DingTalk.exe 规则 Multi_EICAR_ac8f42d6
[2023-03-31 18:05:08.239] [scanner] [warning] 命中yara规则 C:\Program Files (x86)\DingDing\main\current\DingTalk.exe 规则 Multi_EICAR_ac8f42d6
[2023-03-31 18:05:10.948] [scanner] [warning] 命中yara规则 C:\Program Files (x86)\DingDing\main\current\DingTalk.exe 规则 Multi_EICAR_ac8f42d6
[2023-03-31 18:05:13.744] [scanner] [warning] 命中yara规则 C:\Program Files (x86)\DingDing\main\current\DingTalk.exe 规则 Multi_EICAR_ac8f42d6
[2023-03-31 18:05:19.736] [scanner] [warning] 命中yara规则 C:\Program Files (x86)\DingDing\main\current\DingTalk.exe 规则 Multi_EICAR_ac8f42d6
[2023-03-31 18:05:25.124] [scanner] [warning] 命中yara规则 C:\Program Files (x86)\DingDing\main\current\DingTalk.exe 规则 Multi_EICAR_ac8f42d6
[2023-03-31 18:05:28.423] [scanner] [warning] 命中yara规则 C:\Users\huoji\AppData\Local\Programs\Clash for Windows\Clash for Windows.exe 规则 Multi_EICAR_ac8f42d6
[2023-03-31 18:05:33.263] [scanner] [warning] 命中yara规则 C:\Users\huoji\AppData\Local\Programs\Clash for Windows\Clash for Windows.exe 规则 Multi_EICAR_ac8f42d6
[2023-03-31 18:05:36.390] [scanner] [warning] 命中yara规则 C:\Users\huoji\AppData\Local\Programs\Clash for Windows\Clash for Windows.exe 规则 Multi_EICAR_ac8f42d6
[2023-03-31 18:05:41.066] [scanner] [warning] 命中yara规则 C:\Users\huoji\AppData\Local\Programs\Clash for Windows\Clash for Windows.exe 规则 Multi_EICAR_ac8f42d6
[2023-03-31 18:05:43.116] [scanner] [warning] 命中yara规则 C:\Users\huoji\AppData\Local\Programs\Clash for Windows\resources\static\files\win\x64\clash-win64.exe 规则 Multi_EICAR_ac8f42d6
[2023-03-31 18:05:43.733] [scanner] [warning] 命中yara规则 C:\Windows\system32\conhost.exe 规则 Multi_EICAR_ac8f42d6
[2023-03-31 18:05:52.836] [scanner] [warning] 命中yara规则 C:\Windows\explorer.exe 规则 Multi_EICAR_ac8f42d6
[2023-03-31 18:05:53.754] [scanner] [warning] 命中yara规则 C:\Windows\System32\cmd.exe 规则 Multi_EICAR_ac8f42d6
[2023-03-31 18:05:54.569] [scanner] [warning] 命中yara规则 C:\Windows\system32\conhost.exe 规则 Multi_EICAR_ac8f42d6
[2023-03-31 18:06:02.863] [scanner] [warning] 命中yara规则 D:\Programs\Microsoft VS Code\Code.exe 规则 Multi_EICAR_ac8f42d6
[2023-03-31 18:06:06.400] [scanner] [warning] 命中yara规则 D:\Programs\Microsoft VS Code\Code.exe 规则 Multi_EICAR_ac8f42d6
[2023-03-31 18:06:15.980] [scanner] [warning] 命中yara规则 D:\Programs\Microsoft VS Code\Code.exe 规则 Multi_EICAR_ac8f42d6
[2023-03-31 18:06:18.965] [scanner] [warning] 命中yara规则 D:\Programs\Microsoft VS Code\Code.exe 规则 Multi_EICAR_ac8f42d6
[2023-03-31 18:06:24.253] [scanner] [warning] 命中yara规则 D:\Programs\Microsoft VS Code\Code.exe 规则 Multi_EICAR_ac8f42d6
[2023-03-31 18:06:31.750] [scanner] [warning] 命中yara规则 D:\Programs\Microsoft VS Code\Code.exe 规则 Multi_EICAR_ac8f42d6
[2023-03-31 18:06:32.454] [scanner] [warning] 检测到签名软件中有未签名模块 路径 \\?\c:\Users\huoji\.vscode\extensions\ms-toolsai.jupyter-2022.7.1102252217\out\node_modules\zeromq\prebuilds\win32-x64\electron.napi.node 进程名字 Code.exe pid 49496
[2023-03-31 18:06:35.632] [scanner] [warning] 命中yara规则 D:\Programs\Microsoft VS Code\Code.exe 规则 Multi_EICAR_ac8f42d6
[2023-03-31 18:06:38.243] [scanner] [warning] 命中yara规则 D:\Programs\Microsoft VS Code\Code.exe 规则 Multi_EICAR_ac8f42d6
[2023-03-31 18:06:40.987] [scanner] [warning] 命中yara规则 D:\Programs\Microsoft VS Code\Code.exe 规则 Multi_EICAR_ac8f42d6
[2023-03-31 18:06:43.220] [scanner] [warning] 命中yara规则 C:\Users\huoji\go\bin\gopls.exe 规则 Multi_EICAR_ac8f42d6
[2023-03-31 18:06:43.942] [scanner] [warning] 命中yara规则 C:\Windows\system32\conhost.exe 规则 Multi_EICAR_ac8f42d6
[2023-03-31 18:06:48.787] [scanner] [warning] 命中yara规则 D:\Programs\Microsoft VS Code\Code.exe 规则 Multi_EICAR_ac8f42d6
[2023-03-31 18:06:54.880] [scanner] [warning] 命中yara规则 D:\Programs\Microsoft VS Code\Code.exe 规则 Multi_EICAR_ac8f42d6
[2023-03-31 18:06:57.653] [scanner] [warning] 命中yara规则 D:\Programs\Microsoft VS Code\Code.exe 规则 Multi_EICAR_ac8f42d6
[2023-03-31 18:07:03.716] [scanner] [warning] 命中yara规则 D:\Programs\Microsoft VS Code\Code.exe 规则 Multi_EICAR_ac8f42d6
[2023-03-31 18:07:07.344] [scanner] [warning] 命中yara规则 D:\Programs\Microsoft VS Code\Code.exe 规则 Multi_EICAR_ac8f42d6
[2023-03-31 18:07:13.735] [scanner] [warning] 命中yara规则 D:\Programs\Microsoft VS Code\Code.exe 规则 Multi_EICAR_ac8f42d6
[2023-03-31 18:07:16.836] [scanner] [warning] 命中yara规则 D:\Programs\Microsoft VS Code\Code.exe 规则 Multi_EICAR_ac8f42d6
[2023-03-31 18:07:21.299] [scanner] [warning] 命中yara规则 C:\Program Files (x86)\DingDing\main\current\DingTalk.exe 规则 Multi_EICAR_ac8f42d6
[2023-03-31 18:07:29.544] [scanner] [warning] 命中yara规则 C:\Users\huoji\AppData\Local\Microsoft\OneDrive\OneDrive.exe 规则 Multi_EICAR_ac8f42d6
[2023-03-31 18:07:37.022] [scanner] [warning] 命中yara规则 D:\Program Files\百度网盘\BaiduNetdisk\yundetectservice.exe 规则 Multi_EICAR_ac8f42d6
[2023-03-31 18:07:43.759] [scanner] [warning] 命中yara规则 D:\Program Files\百度网盘\BaiduNetdisk\BaiduNetdisk.exe 规则 Multi_EICAR_ac8f42d6
[2023-03-31 18:07:48.106] [scanner] [warning] 命中yara规则 D:\Program Files\百度网盘\BaiduNetdisk\BaiduNetdiskHost.exe 规则 Multi_EICAR_ac8f42d6
[2023-03-31 18:07:49.063] [scanner] [warning] 命中yara规则 D:\Program Files\百度网盘\BaiduNetdisk\BaiduNetdiskHost.exe 规则 Multi_EICAR_ac8f42d6
[2023-03-31 18:07:50.040] [scanner] [warning] 命中yara规则 C:\Program Files (x86)\DingDing\main\current\DingTalkSnippingTool.exe 规则 Multi_EICAR_ac8f42d6
[2023-03-31 18:07:57.254] [scanner] [warning] 命中yara规则 C:\Windows\System32\RuntimeBroker.exe 规则 Multi_EICAR_ac8f42d6
[2023-03-31 18:08:01.123] [scanner] [warning] 命中yara规则 D:\Program Files\百度网盘\BaiduNetdisk\BaiduNetdiskRender.exe 规则 Multi_EICAR_ac8f42d6
[2023-03-31 18:08:03.891] [scanner] [warning] 命中yara规则 D:\Program Files\百度网盘\BaiduNetdisk\BaiduNetdiskRender.exe 规则 Multi_EICAR_ac8f42d6
[2023-03-31 18:08:22.182] [scanner] [warning] 命中yara规则 C:\Users\huoji\AppData\Roaming\Tencent\WeChat\XPlugin\Plugins\RadiumWMPF\6762\extracted\runtime\WeChatAppEx.exe 规则 Multi_EICAR_ac8f42d6
[2023-03-31 18:08:25.556] [scanner] [warning] 命中yara规则 C:\Users\huoji\AppData\Roaming\Tencent\WeChat\XPlugin\Plugins\RadiumWMPF\6762\extracted\runtime\WeChatAppEx.exe 规则 Multi_EICAR_ac8f42d6
[2023-03-31 18:08:28.390] [scanner] [warning] 命中yara规则 C:\Users\huoji\AppData\Roaming\Tencent\WeChat\XPlugin\Plugins\RadiumWMPF\6762\extracted\runtime\WeChatAppEx.exe 规则 Multi_EICAR_ac8f42d6
[2023-03-31 18:08:32.379] [scanner] [warning] 命中yara规则 C:\Users\huoji\AppData\Roaming\Tencent\WeChat\XPlugin\Plugins\RadiumWMPF\6762\extracted\runtime\WeChatAppEx.exe 规则 Multi_EICAR_ac8f42d6
[2023-03-31 18:08:35.532] [scanner] [warning] 命中yara规则 C:\Users\huoji\AppData\Roaming\Tencent\WeChat\XPlugin\Plugins\RadiumWMPF\6762\extracted\runtime\WeChatAppEx.exe 规则 Multi_EICAR_ac8f42d6
[2023-03-31 18:08:37.473] [scanner] [warning] 命中yara规则 C:\Users\huoji\AppData\Roaming\Tencent\WeChat\XPlugin\Plugins\ThumbPlayer\4030\extracted\WeChatPlayer.exe 规则 Multi_EICAR_ac8f42d6
[2023-03-31 18:08:38.656] [scanner] [warning] 命中yara规则 C:\Users\huoji\AppData\Roaming\Tencent\WeChat\XPlugin\Plugins\WeChatUtility\8024\extracted\WechatUtility.exe 规则 Multi_EICAR_ac8f42d6
[2023-03-31 18:08:40.933] [scanner] [warning] 命中yara规则 C:\Users\huoji\AppData\Roaming\Tencent\WeChat\XPlugin\Plugins\WeChatOCR\7043\extracted\WeChatOCR.exe 规则 Multi_EICAR_ac8f42d6
[2023-03-31 18:08:44.421] [scanner] [warning] 命中yara规则 C:\Users\huoji\AppData\Roaming\Tencent\WeChat\XPlugin\Plugins\RadiumWMPF\6762\extracted\runtime\WeChatAppEx.exe 规则 Multi_EICAR_ac8f42d6
[2023-03-31 18:08:48.070] [scanner] [warning] 命中yara规则 C:\Users\huoji\AppData\Roaming\Tencent\WeChat\XPlugin\Plugins\RadiumWMPF\6762\extracted\runtime\WeChatAppEx.exe 规则 Multi_EICAR_ac8f42d6
[2023-03-31 18:08:52.648] [scanner] [warning] 命中yara规则 C:\Users\huoji\AppData\Roaming\Tencent\WeChat\XPlugin\Plugins\RadiumWMPF\6762\extracted\runtime\WeChatAppEx.exe 规则 Multi_EICAR_ac8f42d6
[2023-03-31 18:08:56.584] [scanner] [warning] 命中yara规则 C:\Users\huoji\AppData\Roaming\Tencent\WeChat\XPlugin\Plugins\RadiumWMPF\6762\extracted\runtime\WeChatAppEx.exe 规则 Multi_EICAR_ac8f42d6
[2023-03-31 18:08:59.887] [scanner] [warning] 命中yara规则 C:\Users\huoji\AppData\Roaming\Tencent\WeChat\XPlugin\Plugins\RadiumWMPF\6762\extracted\runtime\WeChatAppEx.exe 规则 Multi_EICAR_ac8f42d6
[2023-03-31 18:09:01.750] [scanner] [warning] 命中yara规则 C:\Program Files (x86)\Tencent\QQ\Bin\TXPlatform.exe 规则 Multi_EICAR_ac8f42d6
[2023-03-31 18:09:04.953] [scanner] [warning] 命中yara规则 C:\Users\huoji\AppData\Roaming\Tencent\WeChat\XPlugin\Plugins\RadiumWMPF\6762\extracted\runtime\WeChatAppEx.exe 规则 Multi_EICAR_ac8f42d6
[2023-03-31 18:09:12.280] [scanner] [warning] 命中yara规则 D:\Program Files\百度网盘\BaiduNetdisk\BaiduNetdiskRender.exe 规则 Multi_EICAR_ac8f42d6
[2023-03-31 18:09:27.869] [scanner] [warning] 命中yara规则 C:\Windows\System32\RuntimeBroker.exe 规则 Multi_EICAR_ac8f42d6
[2023-03-31 18:09:30.414] [scanner] [warning] 命中yara规则 C:\Program Files\Common Files\Microsoft Shared\ClickToRun\OfficeClickToRun.exe 规则 Multi_EICAR_ac8f42d6
[2023-03-31 18:09:31.599] [scanner] [warning] 命中yara规则 C:\Program Files\Common Files\Microsoft Shared\ClickToRun\AppVShNotify.exe 规则 Multi_EICAR_ac8f42d6
[2023-03-31 18:09:33.594] [scanner] [warning] 命中yara规则 C:\Windows\system32\SearchIndexer.exe 规则 Multi_EICAR_ac8f42d6
[2023-03-31 18:09:38.763] [scanner] [warning] 命中yara规则 C:\Program Files\Google\Chrome\Application\chrome.exe 规则 Windows_Trojan_ShadowPad_be71209d
[2023-03-31 18:10:11.222] [scanner] [warning] 命中yara规则 D:\Program Files (x86)\Microsoft Visual Studio\2019\Community\Common7\IDE\devenv.exe 规则 Multi_EICAR_ac8f42d6
[2023-03-31 18:10:13.330] [scanner] [warning] 命中yara规则 D:\Program Files (x86)\Microsoft Visual Studio\2019\Community\Common7\IDE\PerfWatson2.exe 规则 Multi_EICAR_ac8f42d6
[2023-03-31 18:10:16.031] [scanner] [warning] 命中yara规则 D:\Program Files (x86)\Microsoft Visual Studio\2019\Community\Common7\ServiceHub\controller\Microsoft.ServiceHub.Controller.exe 规则 Multi_EICAR_ac8f42d6
[2023-03-31 18:10:22.408] [scanner] [warning] 命中yara规则 D:\Program Files (x86)\Microsoft Visual Studio\2019\Community\Common7\ServiceHub\Hosts\ServiceHub.Host.CLR.x86\ServiceHub.VSDetouredHost.exe 规则 Windows_Trojan_AgentTesla_d3ac2b2f
[2023-03-31 18:10:27.192] [scanner] [warning] 命中yara规则 D:\Program Files (x86)\Microsoft Visual Studio\2019\Community\Common7\ServiceHub\Hosts\ServiceHub.Host.CLR.x86\ServiceHub.ThreadedWaitDialog.exe 规则 Multi_EICAR_ac8f42d6
[2023-03-31 18:10:31.458] [scanner] [warning] 命中yara规则 D:\Program Files (x86)\Microsoft Visual Studio\2019\Community\Common7\ServiceHub\Hosts\ServiceHub.Host.CLR.x86\ServiceHub.IdentityHost.exe 规则 Multi_EICAR_ac8f42d6
[2023-03-31 18:10:32.235] [scanner] [warning] 命中yara规则 D:\Program Files (x86)\Microsoft Visual Studio\2019\Community\Common7\IDE\VC\vcpackages\VCPkgSrv.exe 规则 Multi_EICAR_ac8f42d6
[2023-03-31 18:10:35.210] [scanner] [warning] 命中yara规则 D:\Program Files (x86)\Microsoft Visual Studio\2019\Community\Common7\IDE\VC\vcpackages\VCPkgSrv.exe 规则 Multi_EICAR_ac8f42d6
[2023-03-31 18:10:41.296] [scanner] [warning] 命中yara规则 D:\Program Files (x86)\Microsoft Visual Studio\2019\Community\Common7\ServiceHub\Hosts\ServiceHub.Host.CLR.x86\ServiceHub.SettingsHost.exe 规则 Windows_Trojan_AgentTesla_d3ac2b2f
[2023-03-31 18:10:45.593] [scanner] [warning] 命中yara规则 D:\Program Files (x86)\Microsoft Visual Studio\2019\Community\Common7\ServiceHub\Hosts\ServiceHub.Host.CLR.x86\ServiceHub.Host.CLR.x86.exe 规则 Multi_EICAR_ac8f42d6
[2023-03-31 18:10:51.999] [scanner] [warning] 命中yara规则 D:\Program Files (x86)\Microsoft Visual Studio\2019\Community\Common7\ServiceHub\Hosts\ServiceHub.Host.CLR.x86\ServiceHub.Host.CLR.x86.exe 规则 Windows_Trojan_AgentTesla_d3ac2b2f
[2023-03-31 18:10:56.332] [scanner] [warning] 命中yara规则 D:\Program 